40
996 917 917 
914 987 856 
959 899 996 
862 956 873 
859 936 365 
856 927 567 
921 846 451 
840 904 818 
829 871 732 
818 840 904 
793 818 235 
773 813 668 
786 669 954 
668 773 813 
661 730 878 
725 644 772 
619 689 444 
606 613 538 
582 545 814 
570 539 795 
488 555 379 
432 551 437 
540 426 926 
416 465 708 
404 443 763 
434 378 467 
429 368 567 
340 422 311 
315 370 413 
311 340 422 
305 320 736 
301 280 756 
282 258 924 
276 178 808 
211 172 736 
163 199 981 
190 95 926 
69 167 58 
67 135 123 
124 34 764 
